  main.cpp
C:\Users\hasan\Desktop\OPENGL-GAME\OPENGL-GAME\main.cpp(72,1): warning C4305: 'argument': truncation from 'double' to 'float'
C:\Users\hasan\Desktop\OPENGL-GAME\OPENGL-GAME\main.cpp(73,1): warning C4305: 'argument': truncation from 'double' to 'float'
C:\Users\hasan\Desktop\OPENGL-GAME\OPENGL-GAME\main.cpp(82,1): warning C4305: '+=': truncation from 'double' to 'float'
C:\Users\hasan\Desktop\OPENGL-GAME\OPENGL-GAME\main.cpp(115,1): warning C4305: 'initializing': truncation from 'double' to 'float'
C:\Users\hasan\Desktop\OPENGL-GAME\OPENGL-GAME\main.cpp(138,36): warning C4244: '=': conversion from 'double' to 'float', possible loss of data
C:\Users\hasan\Desktop\OPENGL-GAME\OPENGL-GAME\main.cpp(139,36): warning C4244: '=': conversion from 'double' to 'float', possible loss of data
C:\Users\hasan\Desktop\OPENGL-GAME\OPENGL-GAME\main.cpp(176,1): warning C4244: '+=': conversion from 'double' to 'float', possible loss of data
C:\Users\hasan\Desktop\OPENGL-GAME\OPENGL-GAME\main.cpp(177,1): warning C4244: '+=': conversion from 'double' to 'float', possible loss of data
C:\Users\hasan\Desktop\OPENGL-GAME\OPENGL-GAME\main.cpp(181,1): warning C4305: '*=': truncation from 'double' to 'float'
C:\Users\hasan\Desktop\OPENGL-GAME\OPENGL-GAME\main.cpp(182,1): warning C4305: '*=': truncation from 'double' to 'float'
C:\Users\hasan\Desktop\OPENGL-GAME\OPENGL-GAME\main.cpp(185,1): warning C4305: 'initializing': truncation from 'double' to 'float'
C:\Users\hasan\Desktop\OPENGL-GAME\OPENGL-GAME\main.cpp(186,21): warning C4244: 'initializing': conversion from 'double' to 'float', possible loss of data
C:\Users\hasan\Desktop\OPENGL-GAME\OPENGL-GAME\main.cpp(213,1): warning C4305: 'argument': truncation from 'double' to 'GLfloat'
C:\Users\hasan\Desktop\OPENGL-GAME\OPENGL-GAME\main.cpp(214,1): warning C4305: 'argument': truncation from 'double' to 'GLfloat'
C:\Users\hasan\Desktop\OPENGL-GAME\OPENGL-GAME\main.cpp(215,1): warning C4305: 'argument': truncation from 'double' to 'GLfloat'
C:\Users\hasan\Desktop\OPENGL-GAME\OPENGL-GAME\main.cpp(223,1): warning C4305: 'argument': truncation from 'double' to 'GLfloat'
C:\Users\hasan\Desktop\OPENGL-GAME\OPENGL-GAME\main.cpp(224,1): warning C4305: 'argument': truncation from 'double' to 'GLfloat'
C:\Users\hasan\Desktop\OPENGL-GAME\OPENGL-GAME\main.cpp(225,1): warning C4305: 'argument': truncation from 'double' to 'GLfloat'
C:\Users\hasan\Desktop\OPENGL-GAME\OPENGL-GAME\main.cpp(226,1): warning C4305: 'argument': truncation from 'double' to 'GLfloat'
C:\Users\hasan\Desktop\OPENGL-GAME\OPENGL-GAME\main.cpp(235,1): warning C4305: 'argument': truncation from 'double' to 'GLfloat'
C:\Users\hasan\Desktop\OPENGL-GAME\OPENGL-GAME\main.cpp(243,1): warning C4305: 'argument': truncation from 'double' to 'GLfloat'
C:\Users\hasan\Desktop\OPENGL-GAME\OPENGL-GAME\main.cpp(251,1): warning C4305: 'argument': truncation from 'double' to 'GLfloat'
C:\Users\hasan\Desktop\OPENGL-GAME\OPENGL-GAME\main.cpp(259,23): warning C4244: 'initializing': conversion from 'double' to 'float', possible loss of data
C:\Users\hasan\Desktop\OPENGL-GAME\OPENGL-GAME\main.cpp(264,36): warning C4244: 'argument': conversion from 'double' to 'GLfloat', possible loss of data
C:\Users\hasan\Desktop\OPENGL-GAME\OPENGL-GAME\main.cpp(264,1): warning C4305: 'argument': truncation from 'double' to 'GLfloat'
C:\Users\hasan\Desktop\OPENGL-GAME\OPENGL-GAME\main.cpp(264,67): warning C4244: 'argument': conversion from 'double' to 'GLfloat', possible loss of data
C:\Users\hasan\Desktop\OPENGL-GAME\OPENGL-GAME\main.cpp(264,98): warning C4244: 'argument': conversion from 'double' to 'GLfloat', possible loss of data
C:\Users\hasan\Desktop\OPENGL-GAME\OPENGL-GAME\main.cpp(264,129): warning C4244: 'argument': conversion from 'double' to 'GLfloat', possible loss of data
C:\Users\hasan\Desktop\OPENGL-GAME\OPENGL-GAME\main.cpp(274,1): warning C4305: 'initializing': truncation from 'double' to 'float'
C:\Users\hasan\Desktop\OPENGL-GAME\OPENGL-GAME\main.cpp(314,48): warning C4305: 'argument': truncation from 'double' to 'float'
C:\Users\hasan\Desktop\OPENGL-GAME\OPENGL-GAME\main.cpp(351,60): warning C4305: 'argument': truncation from 'double' to 'float'
C:\Users\hasan\Desktop\OPENGL-GAME\OPENGL-GAME\main.cpp(393,47): warning C4305: 'argument': truncation from 'double' to 'float'
C:\Users\hasan\Desktop\OPENGL-GAME\OPENGL-GAME\main.cpp(409,78): warning C4305: 'argument': truncation from 'double' to 'float'
C:\Users\hasan\Desktop\OPENGL-GAME\OPENGL-GAME\main.cpp(409,68): warning C4244: 'argument': conversion from 'int' to 'float', possible loss of data
  OPENGL-GAME.vcxproj -> C:\Users\hasan\Desktop\OPENGL-GAME\Debug\OPENGL-GAME.exe
